0 info it worked if it ends with ok
1 verbose cli [ 'c:\\Program Files\\nodejs\\node.exe',
1 verbose cli   'c:\\Program Files\\nodejs\\node_modules\\npm\\bin\\npm-cli.js',
1 verbose cli   'install' ]
2 info using npm@2.14.20
3 info using node@v4.4.1
4 verbose readDependencies loading dependencies from d:\node\raspberry-node-web\package.json
5 verbose install where, deps [ 'd:\\node\\raspberry-node-web',
5 verbose install   [ 'body-parser',
5 verbose install     'cookie-parser',
5 verbose install     'debug',
5 verbose install     'express',
5 verbose install     'jade',
5 verbose install     'morgan',
5 verbose install     'serve-favicon',
5 verbose install     'wiring-pi' ] ]
6 verbose install where, peers [ 'd:\\node\\raspberry-node-web', [] ]
7 verbose installManyTop reading for lifecycle d:\node\raspberry-node-web\package.json
8 info preinstall raspberry-node-web@0.0.0
9 verbose installManyTop reading scoped package data from d:\node\raspberry-node-web\node_modules\body-parser\package.json
10 verbose installManyTop reading scoped package data from d:\node\raspberry-node-web\node_modules\cookie-parser\package.json
11 verbose installManyTop reading scoped package data from d:\node\raspberry-node-web\node_modules\debug\package.json
12 verbose installManyTop reading scoped package data from d:\node\raspberry-node-web\node_modules\express\package.json
13 verbose installManyTop reading scoped package data from d:\node\raspberry-node-web\node_modules\jade\package.json
14 verbose installManyTop reading scoped package data from d:\node\raspberry-node-web\node_modules\morgan\package.json
15 verbose installManyTop reading scoped package data from d:\node\raspberry-node-web\node_modules\serve-favicon\package.json
16 verbose readDependencies loading dependencies from d:\node\raspberry-node-web\package.json
17 verbose targetResolver reading package data from d:\node\raspberry-node-web\node_modules\body-parser\package.json
18 verbose targetResolver reading package data from d:\node\raspberry-node-web\node_modules\cookie-parser\package.json
19 verbose targetResolver reading package data from d:\node\raspberry-node-web\node_modules\debug\package.json
20 verbose targetResolver reading package data from d:\node\raspberry-node-web\node_modules\express\package.json
21 verbose targetResolver reading package data from d:\node\raspberry-node-web\node_modules\jade\package.json
22 verbose targetResolver reading package data from d:\node\raspberry-node-web\node_modules\morgan\package.json
23 verbose targetResolver reading package data from d:\node\raspberry-node-web\node_modules\serve-favicon\package.json
24 verbose targetResolver reading package data from d:\node\raspberry-node-web\node_modules\.bin\jade\package.json
25 verbose targetResolver reading package data from d:\node\raspberry-node-web\node_modules\.bin\jade.cmd\package.json
26 verbose already installed skipping serve-favicon@~2.3.0 d:\node\raspberry-node-web
27 silly cache add args [ 'wiring-pi@>=2.1.1', null ]
28 verbose cache add spec wiring-pi@>=2.1.1
29 silly cache add parsed spec Result {
29 silly cache add   raw: 'wiring-pi@>=2.1.1',
29 silly cache add   scope: null,
29 silly cache add   name: 'wiring-pi',
29 silly cache add   rawSpec: '>=2.1.1',
29 silly cache add   spec: '>=2.1.1',
29 silly cache add   type: 'range' }
30 silly addNamed wiring-pi@>=2.1.1
31 verbose addNamed ">=2.1.1" is a valid semver range for wiring-pi
32 silly addNameRange { name: 'wiring-pi', range: '>=2.1.1', hasData: false }
33 silly mapToRegistry name wiring-pi
34 silly mapToRegistry using default registry
35 silly mapToRegistry registry https://registry.npmjs.org/
36 silly mapToRegistry uri https://registry.npmjs.org/wiring-pi
37 verbose addNameRange registry:https://registry.npmjs.org/wiring-pi not in flight; fetching
38 verbose already installed skipping body-parser@~1.15.1 d:\node\raspberry-node-web
39 verbose already installed skipping cookie-parser@~1.4.3 d:\node\raspberry-node-web
40 verbose already installed skipping debug@~2.2.0 d:\node\raspberry-node-web
41 verbose already installed skipping express@~4.13.4 d:\node\raspberry-node-web
42 verbose already installed skipping jade@~1.11.0 d:\node\raspberry-node-web
43 verbose already installed skipping morgan@~1.7.0 d:\node\raspberry-node-web
44 verbose request uri https://registry.npmjs.org/wiring-pi
45 verbose request no auth needed
46 info attempt registry request try #1 at 13:36:49
47 verbose request id 788be16c4d80ec66
48 verbose etag "2H6QKDZK0DTTIOO5LZGZKFD4T"
49 http request GET https://registry.npmjs.org/wiring-pi
50 http 304 https://registry.npmjs.org/wiring-pi
51 verbose headers { date: 'Thu, 30 Jun 2016 16:36:49 GMT',
51 verbose headers   via: '1.1 varnish',
51 verbose headers   'cache-control': 'max-age=300',
51 verbose headers   etag: '"2H6QKDZK0DTTIOO5LZGZKFD4T"',
51 verbose headers   age: '0',
51 verbose headers   connection: 'keep-alive',
51 verbose headers   'x-served-by': 'cache-jfk1022-JFK',
51 verbose headers   'x-cache': 'MISS',
51 verbose headers   'x-cache-hits': '0',
51 verbose headers   'x-timer': 'S1467304609.677608,VS0,VE104',
51 verbose headers   vary: 'Accept-Encoding' }
52 silly get cb [ 304,
52 silly get   { date: 'Thu, 30 Jun 2016 16:36:49 GMT',
52 silly get     via: '1.1 varnish',
52 silly get     'cache-control': 'max-age=300',
52 silly get     etag: '"2H6QKDZK0DTTIOO5LZGZKFD4T"',
52 silly get     age: '0',
52 silly get     connection: 'keep-alive',
52 silly get     'x-served-by': 'cache-jfk1022-JFK',
52 silly get     'x-cache': 'MISS',
52 silly get     'x-cache-hits': '0',
52 silly get     'x-timer': 'S1467304609.677608,VS0,VE104',
52 silly get     vary: 'Accept-Encoding' } ]
53 verbose etag https://registry.npmjs.org/wiring-pi from cache
54 verbose get saving wiring-pi to C:\Users\marcelo.bohn\AppData\Roaming\npm-cache\registry.npmjs.org\wiring-pi\.cache.json
55 verbose correctMkdir C:\Users\marcelo.bohn\AppData\Roaming\npm-cache correctMkdir not in flight; initializing
56 silly addNameRange number 2 { name: 'wiring-pi', range: '>=2.1.1', hasData: true }
57 silly addNameRange versions [ 'wiring-pi',
57 silly addNameRange   [ '0.1.0',
57 silly addNameRange     '0.1.1',
57 silly addNameRange     '0.1.2',
57 silly addNameRange     '0.2.0',
57 silly addNameRange     '1.0.0',
57 silly addNameRange     '1.0.1',
57 silly addNameRange     '1.0.2',
57 silly addNameRange     '1.1.0',
57 silly addNameRange     '1.1.1',
57 silly addNameRange     '1.1.2',
57 silly addNameRange     '2.0.0',
57 silly addNameRange     '2.1.0',
57 silly addNameRange     '2.1.1' ] ]
58 silly addNamed wiring-pi@2.1.1
59 verbose addNamed "2.1.1" is a plain semver version for wiring-pi
60 silly cache afterAdd wiring-pi@2.1.1
61 verbose afterAdd C:\Users\marcelo.bohn\AppData\Roaming\npm-cache\wiring-pi\2.1.1\package\package.json not in flight; writing
62 verbose correctMkdir C:\Users\marcelo.bohn\AppData\Roaming\npm-cache correctMkdir not in flight; initializing
63 verbose afterAdd C:\Users\marcelo.bohn\AppData\Roaming\npm-cache\wiring-pi\2.1.1\package\package.json written
64 silly install resolved [ { name: 'wiring-pi',
64 silly install resolved     version: '2.1.1',
64 silly install resolved     description: 'Bindings to wiringPi',
64 silly install resolved     main: 'lib/exports.js',
64 silly install resolved     scripts:
64 silly install resolved      { test: 'echo "Error: no test specified" && exit 1',
64 silly install resolved        install: '/bin/bash ./install.sh' },
64 silly install resolved     repository:
64 silly install resolved      { type: 'git',
64 silly install resolved        url: 'git+ssh://git@github.com/eugeneware/wiring-pi.git' },
64 silly install resolved     keywords: [ 'wiringPi', 'gpio', 'raspberry', 'pi', 'raspberrypi', 'bcm2835' ],
64 silly install resolved     author: { name: 'Igor Soarez', email: 'igorsoarez@gmail.com' },
64 silly install resolved     contributors: [ [Object], [Object] ],
64 silly install resolved     license: 'BSD',
64 silly install resolved     gitHead: '139f5da4a37a55ecedf0f632fc7d77db3b4976ff',
64 silly install resolved     bugs: { url: 'https://github.com/eugeneware/wiring-pi/issues' },
64 silly install resolved     homepage: 'https://github.com/eugeneware/wiring-pi#readme',
64 silly install resolved     _id: 'wiring-pi@2.1.1',
64 silly install resolved     _shasum: 'fc9414651361101560d210f8fa0fb797c0ab7df0',
64 silly install resolved     _from: 'wiring-pi@>=2.1.1',
64 silly install resolved     _npmVersion: '3.3.4',
64 silly install resolved     _nodeVersion: '4.1.1',
64 silly install resolved     _npmUser: { name: 'leandregohy', email: 'leandre.gohy@hexeo.be' },
64 silly install resolved     dist:
64 silly install resolved      { shasum: 'fc9414651361101560d210f8fa0fb797c0ab7df0',
64 silly install resolved        tarball: 'https://registry.npmjs.org/wiring-pi/-/wiring-pi-2.1.1.tgz' },
64 silly install resolved     maintainers: [ [Object], [Object], [Object] ],
64 silly install resolved     directories: {},
64 silly install resolved     _resolved: 'https://registry.npmjs.org/wiring-pi/-/wiring-pi-2.1.1.tgz',
64 silly install resolved     readme: 'ERROR: No README data found!' } ]
65 info install wiring-pi@2.1.1 into d:\node\raspberry-node-web
66 info installOne wiring-pi@2.1.1
67 verbose installOne of wiring-pi to d:\node\raspberry-node-web not in flight; installing
68 verbose correctMkdir C:\Users\marcelo.bohn\AppData\Roaming\npm-cache\_locks correctMkdir not in flight; initializing
69 verbose lock using C:\Users\marcelo.bohn\AppData\Roaming\npm-cache\_locks\wiring-pi-0fc5ef77372fffeb.lock for d:\node\raspberry-node-web\node_modules\wiring-pi
70 silly install write writing wiring-pi 2.1.1 to d:\node\raspberry-node-web\node_modules\wiring-pi
71 verbose unbuild node_modules\wiring-pi
72 silly gentlyRm d:\node\raspberry-node-web\node_modules\wiring-pi is being purged from base d:\node\raspberry-node-web
73 verbose gentlyRm don't care about contents; nuking d:\node\raspberry-node-web\node_modules\wiring-pi
74 verbose tar unpack C:\Users\marcelo.bohn\AppData\Roaming\npm-cache\wiring-pi\2.1.1\package.tgz
75 verbose tar unpacking to d:\node\raspberry-node-web\node_modules\wiring-pi
76 silly gentlyRm d:\node\raspberry-node-web\node_modules\wiring-pi is being purged
77 verbose gentlyRm don't care about contents; nuking d:\node\raspberry-node-web\node_modules\wiring-pi
78 silly gunzTarPerm modes [ '777', '666' ]
79 silly gunzTarPerm extractEntry package.json
80 silly gunzTarPerm modified mode [ 'package.json', 420, 438 ]
81 silly gunzTarPerm extractEntry .npmignore
82 silly gunzTarPerm modified mode [ '.npmignore', 420, 438 ]
83 silly gunzTarPerm extractEntry README.md
84 silly gunzTarPerm modified mode [ 'README.md', 420, 438 ]
85 silly gunzTarPerm extractEntry CONTRIBUTING.md
86 silly gunzTarPerm modified mode [ 'CONTRIBUTING.md', 420, 438 ]
87 silly gunzTarPerm extractEntry DOCUMENTATION.md
88 silly gunzTarPerm modified mode [ 'DOCUMENTATION.md', 420, 438 ]
89 silly gunzTarPerm extractEntry src/wiringPiI2C.cc
90 silly gunzTarPerm modified mode [ 'src/wiringPiI2C.cc', 420, 438 ]
91 silly gunzTarPerm extractEntry src/addon.cc
92 silly gunzTarPerm modified mode [ 'src/addon.cc', 420, 438 ]
93 silly gunzTarPerm extractEntry src/devlib/maxdetect.cc
94 silly gunzTarPerm modified mode [ 'src/devlib/maxdetect.cc', 420, 438 ]
95 silly gunzTarPerm extractEntry src/devlib/devlib.cc
96 silly gunzTarPerm modified mode [ 'src/devlib/devlib.cc', 420, 438 ]
97 silly gunzTarPerm extractEntry src/devlib/ds1302.cc
98 silly gunzTarPerm modified mode [ 'src/devlib/ds1302.cc', 420, 438 ]
99 silly gunzTarPerm extractEntry src/devlib/ds1302.h
100 silly gunzTarPerm modified mode [ 'src/devlib/ds1302.h', 420, 438 ]
101 silly gunzTarPerm extractEntry src/devlib/gertboard.cc
102 silly gunzTarPerm modified mode [ 'src/devlib/gertboard.cc', 420, 438 ]
103 silly gunzTarPerm extractEntry src/devlib/gertboard.h
104 silly gunzTarPerm modified mode [ 'src/devlib/gertboard.h', 420, 438 ]
105 silly gunzTarPerm extractEntry src/devlib/lcd.cc
106 silly gunzTarPerm modified mode [ 'src/devlib/lcd.cc', 420, 438 ]
107 silly gunzTarPerm extractEntry src/devlib/lcd.h
108 silly gunzTarPerm modified mode [ 'src/devlib/lcd.h', 420, 438 ]
109 silly gunzTarPerm extractEntry src/devlib/lcd128x64.cc
110 silly gunzTarPerm modified mode [ 'src/devlib/lcd128x64.cc', 420, 438 ]
111 silly gunzTarPerm extractEntry src/devlib/lcd128x64.h
112 silly gunzTarPerm modified mode [ 'src/devlib/lcd128x64.h', 420, 438 ]
113 silly gunzTarPerm extractEntry src/devlib/devlib.h
114 silly gunzTarPerm modified mode [ 'src/devlib/devlib.h', 420, 438 ]
115 silly gunzTarPerm extractEntry src/devlib/maxdetect.h
116 silly gunzTarPerm modified mode [ 'src/devlib/maxdetect.h', 420, 438 ]
117 silly gunzTarPerm extractEntry src/devlib/piFace.cc
118 silly gunzTarPerm modified mode [ 'src/devlib/piFace.cc', 420, 438 ]
119 silly gunzTarPerm extractEntry src/devlib/piFace.h
120 silly gunzTarPerm modified mode [ 'src/devlib/piFace.h', 420, 438 ]
121 silly gunzTarPerm extractEntry src/devlib/piGlow.cc
122 silly gunzTarPerm modified mode [ 'src/devlib/piGlow.cc', 420, 438 ]
123 silly gunzTarPerm extractEntry src/devlib/piGlow.h
124 silly gunzTarPerm modified mode [ 'src/devlib/piGlow.h', 420, 438 ]
125 silly gunzTarPerm extractEntry src/devlib/piNes.cc
126 silly gunzTarPerm modified mode [ 'src/devlib/piNes.cc', 420, 438 ]
127 silly gunzTarPerm extractEntry src/devlib/piNes.h
128 silly gunzTarPerm modified mode [ 'src/devlib/piNes.h', 420, 438 ]
129 silly gunzTarPerm extractEntry src/devlib/tcs34725.cc
130 silly gunzTarPerm modified mode [ 'src/devlib/tcs34725.cc', 420, 438 ]
131 silly gunzTarPerm extractEntry src/devlib/tcs34725.h
132 silly gunzTarPerm modified mode [ 'src/devlib/tcs34725.h', 420, 438 ]
133 silly gunzTarPerm extractEntry src/extensions/mcp23s17.h
134 silly gunzTarPerm modified mode [ 'src/extensions/mcp23s17.h', 420, 438 ]
135 silly gunzTarPerm extractEntry src/extensions/dac7678.cc
136 silly gunzTarPerm modified mode [ 'src/extensions/dac7678.cc', 420, 438 ]
137 silly gunzTarPerm extractEntry src/extensions/drcSerial.cc
138 silly gunzTarPerm modified mode [ 'src/extensions/drcSerial.cc', 420, 438 ]
139 silly gunzTarPerm extractEntry src/extensions/drcSerial.h
140 silly gunzTarPerm modified mode [ 'src/extensions/drcSerial.h', 420, 438 ]
141 silly gunzTarPerm extractEntry src/extensions/extensions.cc
142 silly gunzTarPerm modified mode [ 'src/extensions/extensions.cc', 420, 438 ]
143 silly gunzTarPerm extractEntry src/extensions/extensions.h
144 silly gunzTarPerm modified mode [ 'src/extensions/extensions.h', 420, 438 ]
145 silly gunzTarPerm extractEntry src/extensions/max31855.cc
146 silly gunzTarPerm modified mode [ 'src/extensions/max31855.cc', 420, 438 ]
147 silly gunzTarPerm extractEntry src/extensions/max31855.h
148 silly gunzTarPerm modified mode [ 'src/extensions/max31855.h', 420, 438 ]
149 silly gunzTarPerm extractEntry src/extensions/max5322.cc
150 silly gunzTarPerm modified mode [ 'src/extensions/max5322.cc', 420, 438 ]
151 silly gunzTarPerm extractEntry src/extensions/max5322.h
152 silly gunzTarPerm modified mode [ 'src/extensions/max5322.h', 420, 438 ]
153 silly gunzTarPerm extractEntry src/extensions/mcp23008.cc
154 silly gunzTarPerm modified mode [ 'src/extensions/mcp23008.cc', 420, 438 ]
155 silly gunzTarPerm extractEntry src/extensions/mcp23008.h
156 silly gunzTarPerm modified mode [ 'src/extensions/mcp23008.h', 420, 438 ]
157 silly gunzTarPerm extractEntry src/extensions/mcp23016.cc
158 silly gunzTarPerm modified mode [ 'src/extensions/mcp23016.cc', 420, 438 ]
159 silly gunzTarPerm extractEntry src/extensions/mcp23016.h
160 silly gunzTarPerm modified mode [ 'src/extensions/mcp23016.h', 420, 438 ]
161 silly gunzTarPerm extractEntry src/extensions/mcp23017.cc
162 silly gunzTarPerm modified mode [ 'src/extensions/mcp23017.cc', 420, 438 ]
163 silly gunzTarPerm extractEntry src/extensions/mcp23017.h
164 silly gunzTarPerm modified mode [ 'src/extensions/mcp23017.h', 420, 438 ]
165 silly gunzTarPerm extractEntry src/extensions/mcp23s08.cc
166 silly gunzTarPerm modified mode [ 'src/extensions/mcp23s08.cc', 420, 438 ]
167 silly gunzTarPerm extractEntry src/extensions/mcp23s08.h
168 silly gunzTarPerm modified mode [ 'src/extensions/mcp23s08.h', 420, 438 ]
169 silly gunzTarPerm extractEntry src/extensions/mcp23s17.cc
170 silly gunzTarPerm modified mode [ 'src/extensions/mcp23s17.cc', 420, 438 ]
171 silly gunzTarPerm extractEntry src/extensions/dac7678.h
172 silly gunzTarPerm modified mode [ 'src/extensions/dac7678.h', 420, 438 ]
173 silly gunzTarPerm extractEntry src/extensions/mcp3002.cc
174 silly gunzTarPerm modified mode [ 'src/extensions/mcp3002.cc', 420, 438 ]
175 silly gunzTarPerm extractEntry src/extensions/mcp3002.h
176 silly gunzTarPerm modified mode [ 'src/extensions/mcp3002.h', 420, 438 ]
177 silly gunzTarPerm extractEntry src/extensions/mcp3004.cc
178 silly gunzTarPerm modified mode [ 'src/extensions/mcp3004.cc', 420, 438 ]
179 silly gunzTarPerm extractEntry src/extensions/mcp3004.h
180 silly gunzTarPerm modified mode [ 'src/extensions/mcp3004.h', 420, 438 ]
181 silly gunzTarPerm extractEntry src/extensions/mcp3422.cc
182 silly gunzTarPerm modified mode [ 'src/extensions/mcp3422.cc', 420, 438 ]
183 silly gunzTarPerm extractEntry src/extensions/mcp3422.h
184 silly gunzTarPerm modified mode [ 'src/extensions/mcp3422.h', 420, 438 ]
185 silly gunzTarPerm extractEntry src/extensions/mcp4802.cc
186 silly gunzTarPerm modified mode [ 'src/extensions/mcp4802.cc', 420, 438 ]
187 silly gunzTarPerm extractEntry src/extensions/mcp4802.h
188 silly gunzTarPerm modified mode [ 'src/extensions/mcp4802.h', 420, 438 ]
189 silly gunzTarPerm extractEntry src/extensions/pca9685.cc
190 silly gunzTarPerm modified mode [ 'src/extensions/pca9685.cc', 420, 438 ]
191 silly gunzTarPerm extractEntry src/extensions/pca9685.h
192 silly gunzTarPerm modified mode [ 'src/extensions/pca9685.h', 420, 438 ]
193 silly gunzTarPerm extractEntry src/extensions/pcf8574.cc
194 silly gunzTarPerm modified mode [ 'src/extensions/pcf8574.cc', 420, 438 ]
195 silly gunzTarPerm extractEntry src/extensions/pcf8574.h
196 silly gunzTarPerm modified mode [ 'src/extensions/pcf8574.h', 420, 438 ]
197 silly gunzTarPerm extractEntry src/extensions/pcf8591.cc
198 silly gunzTarPerm modified mode [ 'src/extensions/pcf8591.cc', 420, 438 ]
199 silly gunzTarPerm extractEntry src/extensions/pcf8591.h
200 silly gunzTarPerm modified mode [ 'src/extensions/pcf8591.h', 420, 438 ]
201 silly gunzTarPerm extractEntry src/extensions/sn3218.cc
202 silly gunzTarPerm modified mode [ 'src/extensions/sn3218.cc', 420, 438 ]
203 silly gunzTarPerm extractEntry src/extensions/sn3218.h
204 silly gunzTarPerm modified mode [ 'src/extensions/sn3218.h', 420, 438 ]
205 silly gunzTarPerm extractEntry src/extensions/sr595.cc
206 silly gunzTarPerm modified mode [ 'src/extensions/sr595.cc', 420, 438 ]
207 silly gunzTarPerm extractEntry src/extensions/sr595.h
208 silly gunzTarPerm modified mode [ 'src/extensions/sr595.h', 420, 438 ]
209 silly gunzTarPerm extractEntry src/softPwm.cc
210 silly gunzTarPerm modified mode [ 'src/softPwm.cc', 420, 438 ]
211 silly gunzTarPerm extractEntry src/softPwm.h
212 silly gunzTarPerm modified mode [ 'src/softPwm.h', 420, 438 ]
213 silly gunzTarPerm extractEntry src/softServo.cc
214 silly gunzTarPerm modified mode [ 'src/softServo.cc', 420, 438 ]
215 silly gunzTarPerm extractEntry src/softServo.h
216 silly gunzTarPerm modified mode [ 'src/softServo.h', 420, 438 ]
217 silly gunzTarPerm extractEntry src/softTone.cc
218 silly gunzTarPerm modified mode [ 'src/softTone.cc', 420, 438 ]
219 silly gunzTarPerm extractEntry src/softTone.h
220 silly gunzTarPerm modified mode [ 'src/softTone.h', 420, 438 ]
221 silly gunzTarPerm extractEntry src/wiringPi.cc
222 silly gunzTarPerm modified mode [ 'src/wiringPi.cc', 420, 438 ]
223 silly gunzTarPerm extractEntry src/wiringPi.h
224 silly gunzTarPerm modified mode [ 'src/wiringPi.h', 420, 438 ]
225 silly gunzTarPerm extractEntry src/addon.h
226 silly gunzTarPerm modified mode [ 'src/addon.h', 420, 438 ]
227 silly gunzTarPerm extractEntry src/wiringPiI2C.h
228 silly gunzTarPerm modified mode [ 'src/wiringPiI2C.h', 420, 438 ]
229 silly gunzTarPerm extractEntry src/wiringPiISR.cc
230 silly gunzTarPerm modified mode [ 'src/wiringPiISR.cc', 420, 438 ]
231 silly gunzTarPerm extractEntry src/wiringPiISR.h
232 silly gunzTarPerm modified mode [ 'src/wiringPiISR.h', 420, 438 ]
233 silly gunzTarPerm extractEntry src/wiringPiSPI.cc
234 silly gunzTarPerm modified mode [ 'src/wiringPiSPI.cc', 420, 438 ]
235 silly gunzTarPerm extractEntry src/wiringPiSPI.h
236 silly gunzTarPerm modified mode [ 'src/wiringPiSPI.h', 420, 438 ]
237 silly gunzTarPerm extractEntry src/wiringSerial.cc
238 silly gunzTarPerm modified mode [ 'src/wiringSerial.cc', 420, 438 ]
239 silly gunzTarPerm extractEntry src/wiringSerial.h
240 silly gunzTarPerm modified mode [ 'src/wiringSerial.h', 420, 438 ]
241 silly gunzTarPerm extractEntry src/wiringShift.cc
242 silly gunzTarPerm modified mode [ 'src/wiringShift.cc', 420, 438 ]
243 silly gunzTarPerm extractEntry src/wiringShift.h
244 silly gunzTarPerm modified mode [ 'src/wiringShift.h', 420, 438 ]
245 silly gunzTarPerm extractEntry src/wpi.cc
246 silly gunzTarPerm modified mode [ 'src/wpi.cc', 420, 438 ]
247 silly gunzTarPerm extractEntry src/wpi.h
248 silly gunzTarPerm modified mode [ 'src/wpi.h', 420, 438 ]
249 silly gunzTarPerm extractEntry .gitmodules
250 silly gunzTarPerm modified mode [ '.gitmodules', 420, 438 ]
251 silly gunzTarPerm extractEntry examples/blink.js
252 silly gunzTarPerm modified mode [ 'examples/blink.js', 420, 438 ]
253 silly gunzTarPerm extractEntry examples/pwm.js
254 silly gunzTarPerm modified mode [ 'examples/pwm.js', 420, 438 ]
255 silly gunzTarPerm extractEntry install.sh
256 silly gunzTarPerm modified mode [ 'install.sh', 420, 438 ]
257 silly gunzTarPerm extractEntry lib/exports.js
258 silly gunzTarPerm modified mode [ 'lib/exports.js', 420, 438 ]
259 silly gunzTarPerm extractEntry CHANGELOG.md
260 silly gunzTarPerm modified mode [ 'CHANGELOG.md', 420, 438 ]
261 silly gunzTarPerm extractEntry patchs/devLib_Makefile.patch
262 silly gunzTarPerm modified mode [ 'patchs/devLib_Makefile.patch', 420, 438 ]
263 silly gunzTarPerm extractEntry patchs/gpio_Makefile.patch
264 silly gunzTarPerm modified mode [ 'patchs/gpio_Makefile.patch', 420, 438 ]
265 silly gunzTarPerm extractEntry binding.gyp
266 silly gunzTarPerm modified mode [ 'binding.gyp', 420, 438 ]
267 verbose write writing to d:\node\raspberry-node-web\node_modules\wiring-pi\package.json
268 info preinstall wiring-pi@2.1.1
269 verbose readDependencies loading dependencies from d:\node\raspberry-node-web\node_modules\wiring-pi\package.json
270 verbose readDependencies loading dependencies from d:\node\raspberry-node-web\node_modules\wiring-pi\package.json
271 silly install resolved []
272 verbose about to build d:\node\raspberry-node-web\node_modules\wiring-pi
273 info build d:\node\raspberry-node-web\node_modules\wiring-pi
274 info linkStuff wiring-pi@2.1.1
275 silly linkStuff wiring-pi@2.1.1 has d:\node\raspberry-node-web\node_modules as its parent node_modules
276 verbose linkBins wiring-pi@2.1.1
277 verbose linkMans wiring-pi@2.1.1
278 verbose rebuildBundles wiring-pi@2.1.1
279 info install wiring-pi@2.1.1
280 verbose unsafe-perm in lifecycle true
281 info wiring-pi@2.1.1 Failed to exec install script
282 verbose unlock done using C:\Users\marcelo.bohn\AppData\Roaming\npm-cache\_locks\wiring-pi-0fc5ef77372fffeb.lock for d:\node\raspberry-node-web\node_modules\wiring-pi
283 verbose stack Error: wiring-pi@2.1.1 install: `/bin/bash ./install.sh`
283 verbose stack Exit status 1
283 verbose stack     at EventEmitter.<anonymous> (c:\Program Files\nodejs\node_modules\npm\lib\utils\lifecycle.js:214:16)
283 verbose stack     at emitTwo (events.js:87:13)
283 verbose stack     at EventEmitter.emit (events.js:172:7)
283 verbose stack     at ChildProcess.<anonymous> (c:\Program Files\nodejs\node_modules\npm\lib\utils\spawn.js:24:14)
283 verbose stack     at emitTwo (events.js:87:13)
283 verbose stack     at ChildProcess.emit (events.js:172:7)
283 verbose stack     at maybeClose (internal/child_process.js:827:16)
283 verbose stack     at Process.ChildProcess._handle.onexit (internal/child_process.js:211:5)
284 verbose pkgid wiring-pi@2.1.1
285 verbose cwd d:\node\raspberry-node-web
286 error Windows_NT 6.1.7601
287 error argv "c:\\Program Files\\nodejs\\node.exe" "c:\\Program Files\\nodejs\\node_modules\\npm\\bin\\npm-cli.js" "install"
288 error node v4.4.1
289 error npm  v2.14.20
290 error code ELIFECYCLE
291 error wiring-pi@2.1.1 install: `/bin/bash ./install.sh`
291 error Exit status 1
292 error Failed at the wiring-pi@2.1.1 install script '/bin/bash ./install.sh'.
292 error This is most likely a problem with the wiring-pi package,
292 error not with npm itself.
292 error Tell the author that this fails on your system:
292 error     /bin/bash ./install.sh
292 error You can get information on how to open an issue for this project with:
292 error     npm bugs wiring-pi
292 error Or if that isn't available, you can get their info via:
292 error
292 error     npm owner ls wiring-pi
292 error There is likely additional logging output above.
293 verbose exit [ 1, true ]
294 verbose unbuild node_modules\wiring-pi
295 info preuninstall wiring-pi@2.1.1
296 info uninstall wiring-pi@2.1.1
297 verbose unbuild rmStuff wiring-pi@2.1.1 from d:\node\raspberry-node-web\node_modules
298 info postuninstall wiring-pi@2.1.1
299 silly gentlyRm d:\node\raspberry-node-web\node_modules\wiring-pi is being purged from base d:\node\raspberry-node-web
300 verbose gentlyRm don't care about contents; nuking d:\node\raspberry-node-web\node_modules\wiring-pi
301 silly vacuum-fs purging d:\node\raspberry-node-web\node_modules\wiring-pi
302 silly vacuum-fs quitting because other entries in d:\node\raspberry-node-web\node_modules
